<?xml version="1.0" encoding="UTF-8"?>
<!-- Generated by org.testng.reporters.JUnitReportReporter -->
<testsuite hostname="Yusuf" failures="0" tests="1" name="testcase.click_test_on_button" time="25.089" errors="0" timestamp="2023-03-12T21:31:33 BDT" skipped="0">
  <testcase classname="testcase.click_test_on_button" name="click_on_button" time="25.089"/>
  <system-out/>
</testsuite> <!-- testcase.click_test_on_button -->
