<?xml version="1.0" encoding="UTF-8"?>
<!-- Generated by org.testng.reporters.JUnitReportReporter -->
<testsuite hostname="Yusuf" failures="0" tests="1" name="testcase.Home_page_test" time="30.493" errors="0" timestamp="2023-03-11T00:28:50 BDT" skipped="0">
  <testcase classname="testcase.Home_page_test" name="hoverr" time="30.493"/>
  <system-out/>
</testsuite> <!-- testcase.Home_page_test -->
